#
# A fatal error has been detected by the Java Runtime Environment:
#
#  EXCEPTION_ACCESS_VIOLATION (0xc0000005) at pc=0x000000000317335a, pid=19260, tid=0x0000000000000f5c
#
# JRE version: Java(TM) SE Runtime Environment (8.0_144-b01) (build 1.8.0_144-b01)
# Java VM: Java HotSpot(TM) 64-Bit Server VM (25.144-b01 mixed mode windows-amd64 compressed oops)
# Problematic frame:
# J 237 C2 sun.nio.cs.UTF_8$Encoder.encode([CII[B)I (359 bytes) @ 0x000000000317335a [0x0000000003173260+0xfa]
#
# Failed to write core dump. Minidumps are not enabled by default on client versions of Windows
#
# If you would like to submit a bug report, please visit:
#   http://bugreport.java.com/bugreport/crash.jsp
#

---------------  T H R E A D  ---------------

Current thread (0x0000000023227800):  JavaThread "ForkJoinPool.commonPool-worker-9" daemon [_thread_in_Java, id=3932, stack(0x000000002ce90000,0x000000002cf90000)]

siginfo: ExceptionCode=0xc0000005, reading address 0xffffffffffffffff

Registers:
RAX=0x000000000000001d, RBX=0x000000000000001d, RCX=0x000000000000002d, RDX=0x0000000000000043
RSP=0x000000002cf8c970, RBP=0x0000000000000024, RSI=0x00000000ed94da10, RDI=0x000000000000001d
R8 =0x00000000ed94d9a0, R9 =0x0000000000000000, R10=0x0000000000000030, R11=0x0000000000000030
R12=0x0000000000000000, R13=0x000000000000001d, R14=0x00000000a07de7b0, R15=0x0000000023227800
RIP=0x000000000317335a, EFLAGS=0x0000000000010283

Top of Stack: (sp=0x000000002cf8c970)
0x000000002cf8c970:   00000000ed94d960 000000002cf8ca60
0x000000002cf8c980:   00000000a07de7b0 000000000000003d
0x000000002cf8c990:   000000001fb89d68 00000000a00013f0
0x000000002cf8c9a0:   0000000000000007 0000000002fe08da
0x000000002cf8c9b0:   00000000a07de5c8 00000000031e7504
0x000000002cf8c9c0:   0000000000000000 0000000000000000
0x000000002cf8c9d0:   0000000023227800 000000005a7bf293
0x000000002cf8c9e0:   00000000ed94d838 00000000a07de5c8
0x000000002cf8c9f0:   000000001bcd3d70 0000000000000000
0x000000002cf8ca00:   00000000ed94da10 000000005ab7b262
0x000000002cf8ca10:   0000000000000000 000000001bcd3d70
0x000000002cf8ca20:   0000000000000090 0000000000000000
0x000000002cf8ca30:   0000000000000011 000000005a97278e
0x000000002cf8ca40:   00000000a07de5c8 000000000360a0c0
0x000000002cf8ca50:   0000000023227800 00000000167c6588
0x000000002cf8ca60:   00000000235d1c40 000000005ac49a60 

Instructions: (pc=0x000000000317335a)
0x000000000317333a:   41 0f b7 6c 78 12 4c 63 e8 42 88 54 2e 10 81 fd
0x000000000317334a:   80 00 00 00 0f 8d 88 00 00 00 41 0f b7 54 78 14
0x000000000317335a:   4c 63 e8 42 88 6c 2e 11 81 fa 80 00 00 00 7d 68
0x000000000317336a:   42 88 54 2e 12 41 0f b7 6c 78 16 81 fd 80 00 00 


Register to memory mapping:

RAX=0x000000000000001d is an unknown value
RBX=0x000000000000001d is an unknown value
RCX=0x000000000000002d is an unknown value
RDX=0x0000000000000043 is an unknown value
RSP=0x000000002cf8c970 is pointing into the stack for thread: 0x0000000023227800
RBP=0x0000000000000024 is an unknown value
RSI=0x00000000ed94da10 is an oop
[B 
 - klass: {type array byte}
 - length: 144
RDI=0x000000000000001d is an unknown value
R8 =0x00000000ed94d9a0 is an oop
[C 
 - klass: {type array char}
 - length: 48
R9 =0x0000000000000000 is an unknown value
R10=0x0000000000000030 is an unknown value
R11=0x0000000000000030 is an unknown value
R12=0x0000000000000000 is an unknown value
R13=0x000000000000001d is an unknown value
R14=0x00000000a07de7b0 is an oop
sun.nio.cs.UTF_8$Encoder 
 - klass: 'sun/nio/cs/UTF_8$Encoder'
R15=0x0000000023227800 is a thread


Stack: [0x000000002ce90000,0x000000002cf90000],  sp=0x000000002cf8c970,  free space=1010k
Native frames: (J=compiled Java code, j=interpreted, Vv=VM code, C=native code)
C  0x000000000317335a


---------------  P R O C E S S  ---------------

Java Threads: ( => current thread )
=>0x0000000023227800 JavaThread "ForkJoinPool.commonPool-worker-9" daemon [_thread_in_Java, id=3932, stack(0x000000002ce90000,0x000000002cf90000)]
  0x0000000023220800 JavaThread "Task worker for ':' Thread 11" [_thread_blocked, id=19356, stack(0x0000000029b90000,0x0000000029c90000)]
  0x0000000023225000 JavaThread "Task worker for ':' Thread 10" [_thread_blocked, id=1228, stack(0x0000000029a90000,0x0000000029b90000)]
  0x0000000023223000 JavaThread "Task worker for ':' Thread 9" [_thread_blocked, id=8944, stack(0x0000000029990000,0x0000000029a90000)]
  0x000000001bc80000 JavaThread "Task worker for ':' Thread 8" [_thread_blocked, id=4296, stack(0x0000000029890000,0x0000000029990000)]
  0x000000001b073800 JavaThread "Task worker for ':' Thread 7" [_thread_blocked, id=12816, stack(0x0000000029790000,0x0000000029890000)]
  0x000000001b072800 JavaThread "Task worker for ':' Thread 6" [_thread_blocked, id=22608, stack(0x0000000029690000,0x0000000029790000)]
  0x000000001b072000 JavaThread "Task worker for ':' Thread 5" [_thread_blocked, id=8080, stack(0x0000000029590000,0x0000000029690000)]
  0x000000001b071000 JavaThread "Task worker for ':' Thread 4" [_thread_blocked, id=21772, stack(0x0000000029490000,0x0000000029590000)]
  0x000000001b076800 JavaThread "Task worker for ':' Thread 3" [_thread_blocked, id=1624, stack(0x0000000029390000,0x0000000029490000)]
  0x000000001c099800 JavaThread "Task worker for ':' Thread 2" [_thread_blocked, id=10472, stack(0x0000000029290000,0x0000000029390000)]
  0x000000001c095000 JavaThread "Task worker for ':'" [_thread_blocked, id=14176, stack(0x0000000029190000,0x0000000029290000)]
  0x000000001c098800 JavaThread "Cache worker for task history cache (E:\AndroidStudio\Projects\AHQLab\HodooScale\.gradle\4.1\taskHistory)" [_thread_blocked, id=11548, stack(0x0000000029090000,0x0000000029190000)]
  0x000000001c098000 JavaThread "Cache worker for file content cache (E:\AndroidStudio\Projects\AHQLab\HodooScale\.gradle\4.1\fileContent)" [_thread_blocked, id=22852, stack(0x0000000028f90000,0x0000000029090000)]
  0x000000001c09b000 JavaThread "build operations Thread 12" [_thread_blocked, id=21488, stack(0x0000000028e90000,0x0000000028f90000)]
  0x000000001c09a000 JavaThread "build operations Thread 11" [_thread_blocked, id=20028, stack(0x0000000028d90000,0x0000000028e90000)]
  0x000000001c094000 JavaThread "build operations Thread 10" [_thread_blocked, id=19080, stack(0x0000000028c90000,0x0000000028d90000)]
  0x000000001c097000 JavaThread "build operations Thread 9" [_thread_blocked, id=21880, stack(0x0000000028b90000,0x0000000028c90000)]
  0x000000001bc82800 JavaThread "build operations Thread 8" [_thread_blocked, id=20268, stack(0x0000000028a90000,0x0000000028b90000)]
  0x000000001bc7f800 JavaThread "build operations Thread 7" [_thread_blocked, id=21932, stack(0x0000000028990000,0x0000000028a90000)]
  0x000000001bc7e800 JavaThread "build operations Thread 6" [_thread_blocked, id=8676, stack(0x0000000028890000,0x0000000028990000)]
  0x000000001bc81800 JavaThread "build operations Thread 5" [_thread_blocked, id=10100, stack(0x0000000028790000,0x0000000028890000)]
  0x000000001bc84000 JavaThread "build operations Thread 4" [_thread_blocked, id=22952, stack(0x0000000028690000,0x0000000028790000)]
  0x000000001bc7e000 JavaThread "build operations Thread 3" [_thread_blocked, id=20076, stack(0x0000000028590000,0x0000000028690000)]
  0x000000001bc83000 JavaThread "build operations Thread 2" [_thread_blocked, id=10456, stack(0x0000000028490000,0x0000000028590000)]
  0x000000001bc7c800 JavaThread "build operations" [_thread_blocked, id=20148, stack(0x0000000028390000,0x0000000028490000)]
  0x000000001bc7d000 JavaThread "Cache worker for Artifact transforms cache (C:\Users\silve\.gradle\caches\transforms-1)" [_thread_blocked, id=20628, stack(0x0000000028290000,0x0000000028390000)]
  0x000000001bc81000 JavaThread "Cache worker for file hash cache (E:\AndroidStudio\Projects\AHQLab\HodooScale\.gradle\4.1\fileHashes)" [_thread_blocked, id=4040, stack(0x0000000028190000,0x0000000028290000)]
  0x000000001bc74800 JavaThread "Stdin handler" [_thread_blocked, id=18516, stack(0x0000000028090000,0x0000000028190000)]
  0x000000001bc79800 JavaThread "Asynchronous log dispatcher for DefaultDaemonConnection: socket connection from /127.0.0.1:59309 to /127.0.0.1:59334" [_thread_blocked, id=21648, stack(0x0000000027f90000,0x0000000028090000)]
  0x000000001bc7b800 JavaThread "Daemon worker Thread 2" [_thread_blocked, id=21208, stack(0x0000000027e90000,0x0000000027f90000)]
  0x000000001bc7b000 JavaThread "Cancel handler" [_thread_blocked, id=17128, stack(0x0000000027d90000,0x0000000027e90000)]
  0x000000001bc77000 JavaThread "Handler for socket connection from /127.0.0.1:59309 to /127.0.0.1:59334" [_thread_in_native, id=14988, stack(0x0000000027c90000,0x0000000027d90000)]
  0x000000001bc7a000 JavaThread "Daemon Thread 2" [_thread_blocked, id=20952, stack(0x0000000027b90000,0x0000000027c90000)]
  0x000000001c095800 JavaThread "Memory manager" [_thread_blocked, id=18460, stack(0x0000000021d60000,0x0000000021e60000)]
  0x000000001b075800 JavaThread "File lock request listener" [_thread_in_native, id=13340, stack(0x000000001dbf0000,0x000000001dcf0000)]
  0x000000001b075000 JavaThread "Cache worker for file hash cache (C:\Users\silve\.gradle\caches\4.1\fileHashes)" [_thread_blocked, id=10012, stack(0x000000001daf0000,0x000000001dbf0000)]
  0x000000001af4d800 JavaThread "Daemon periodic checks" [_thread_blocked, id=22180, stack(0x000000001cef0000,0x000000001cff0000)]
  0x000000001ad40000 JavaThread "Incoming local TCP Connector on port 59309" [_thread_in_native, id=2936, stack(0x000000001cd10000,0x000000001ce10000)]
  0x000000001aff8000 JavaThread "Daemon health stats" [_thread_blocked, id=20388, stack(0x000000001ca10000,0x000000001cb10000)]
  0x0000000018786800 JavaThread "Service Thread" daemon [_thread_blocked, id=14144, stack(0x000000001a070000,0x000000001a170000)]
  0x0000000018703000 JavaThread "C1 CompilerThread3" daemon [_thread_blocked, id=5156, stack(0x0000000019f70000,0x000000001a070000)]
  0x00000000186ff000 JavaThread "C2 CompilerThread2" daemon [_thread_blocked, id=11100, stack(0x0000000019e70000,0x0000000019f70000)]
  0x00000000186fa000 JavaThread "C2 CompilerThread1" daemon [_thread_blocked, id=18596, stack(0x0000000019d70000,0x0000000019e70000)]
  0x00000000186f3000 JavaThread "C2 CompilerThread0" daemon [_thread_blocked, id=21644, stack(0x0000000019c70000,0x0000000019d70000)]
  0x0000000016fad000 JavaThread "Attach Listener" daemon [_thread_blocked, id=20256, stack(0x0000000019b70000,0x0000000019c70000)]
  0x00000000186a0000 JavaThread "Signal Dispatcher" daemon [_thread_blocked, id=23516, stack(0x0000000019a70000,0x0000000019b70000)]
  0x0000000018683000 JavaThread "Finalizer" daemon [_thread_blocked, id=21400, stack(0x00000000198e0000,0x00000000199e0000)]
  0x0000000016f9c800 JavaThread "Reference Handler" daemon [_thread_blocked, id=23004, stack(0x00000000197e0000,0x00000000198e0000)]
  0x0000000002ee1000 JavaThread "main" [_thread_blocked, id=22780, stack(0x0000000002de0000,0x0000000002ee0000)]

Other Threads:
  0x0000000018662800 VMThread [stack: 0x00000000196e0000,0x00000000197e0000] [id=10980]
  0x0000000018809800 WatcherThread [stack: 0x000000001a170000,0x000000001a270000] [id=20844]

VM state:not at safepoint (normal execution)

VM Mutex/Monitor currently owned by a thread: None

Heap:
 PSYoungGen      total 325120K, used 303520K [0x00000000e0000000, 0x00000000fe200000, 0x0000000100000000)
  eden space 228352K, 97% used [0x00000000e0000000,0x00000000ed972950,0x00000000edf00000)
  from space 96768K, 83% used [0x00000000edf00000,0x00000000f2df56c0,0x00000000f3d80000)
  to   space 106496K, 0% used [0x00000000f7a00000,0x00000000f7a00000,0x00000000fe200000)
 ParOldGen       total 330752K, used 167661K [0x00000000a0000000, 0x00000000b4300000, 0x00000000e0000000)
  object space 330752K, 50% used [0x00000000a0000000,0x00000000aa3bb730,0x00000000b4300000)
 Metaspace       used 86052K, capacity 89482K, committed 89904K, reserved 1126400K
  class space    used 11233K, capacity 11953K, committed 12080K, reserved 1048576K

Card table byte_map: [0x00000000123a0000,0x00000000126b0000] byte_map_base: 0x0000000011ea0000

Marking Bits: (ParMarkBitMap*) 0x000000005af4d850
 Begin Bits: [0x00000000132b0000, 0x0000000014ab0000)
 End Bits:   [0x0000000014ab0000, 0x00000000162b0000)

Polling page: 0x0000000000b20000

CodeCache: size=245760Kb used=51498Kb max_used=51524Kb free=194261Kb
 bounds [0x0000000002fe0000, 0x0000000006270000, 0x0000000011fe0000]
 total_blobs=14742 nmethods=13919 adapters=735
 compilation: enabled

Compilation events (10 events):
Event: 105.226 Thread 0x0000000018703000 nmethod 16801 0x0000000006220c90 code [0x0000000006220e00, 0x0000000006220f88]
Event: 105.227 Thread 0x00000000186f3000 16802       4       java.net.URI::normalize (65 bytes)
Event: 105.227 Thread 0x00000000186fa000 16803       4       java.net.URI::isOpaque (13 bytes)
Event: 105.228 Thread 0x00000000186fa000 nmethod 16803 0x000000000621b090 code [0x000000000621b1c0, 0x000000000621b238]
Event: 105.228 Thread 0x0000000018703000 16804       3       java.net.URI::<init> (40 bytes)
Event: 105.228 Thread 0x0000000018703000 nmethod 16804 0x00000000062207d0 code [0x0000000006220940, 0x0000000006220bd0]
Event: 105.228 Thread 0x0000000018703000 16805       3       com.android.builder.files.RelativeFile::hashCode (22 bytes)
Event: 105.229 Thread 0x0000000018703000 nmethod 16805 0x000000000621ff90 code [0x0000000006220120, 0x00000000062205e8]
Event: 105.229 Thread 0x0000000018703000 16806       3       java.net.URI::relativize (152 bytes)
Event: 105.229 Thread 0x0000000018703000 nmethod 16806 0x0000000006258fd0 code [0x0000000006259260, 0x000000000625a598]

GC Heap History (10 events):
Event: 95.982 GC heap before
{Heap before GC invocations=23 (full 3):
 PSYoungGen      total 232960K, used 230363K [0x00000000e0000000, 0x00000000f5b00000, 0x0000000100000000)
  eden space 168448K, 100% used [0x00000000e0000000,0x00000000ea480000,0x00000000ea480000)
  from space 64512K, 95% used [0x00000000ea480000,0x00000000ee0f6e98,0x00000000ee380000)
  to   space 74240K, 0% used [0x00000000f1280000,0x00000000f1280000,0x00000000f5b00000)
 ParOldGen       total 160768K, used 102871K [0x00000000a0000000, 0x00000000a9d00000, 0x00000000e0000000)
  object space 160768K, 63% used [0x00000000a0000000,0x00000000a6475dc8,0x00000000a9d00000)
 Metaspace       used 77847K, capacity 80836K, committed 81072K, reserved 1120256K
  class space    used 10264K, capacity 10904K, committed 10928K, reserved 1048576K
Event: 96.034 GC heap after
Heap after GC invocations=23 (full 3):
 PSYoungGen      total 270848K, used 67584K [0x00000000e0000000, 0x00000000f6a80000, 0x0000000100000000)
  eden space 196608K, 0% used [0x00000000e0000000,0x00000000e0000000,0x00000000ec000000)
  from space 74240K, 91% used [0x00000000f1280000,0x00000000f54800d8,0x00000000f5b00000)
  to   space 84480K, 0% used [0x00000000ec000000,0x00000000ec000000,0x00000000f1280000)
 ParOldGen       total 160768K, used 117891K [0x00000000a0000000, 0x00000000a9d00000, 0x00000000e0000000)
  object space 160768K, 73% used [0x00000000a0000000,0x00000000a7320f30,0x00000000a9d00000)
 Metaspace       used 77847K, capacity 80836K, committed 81072K, reserved 1120256K
  class space    used 10264K, capacity 10904K, committed 10928K, reserved 1048576K
}
Event: 99.364 GC heap before
{Heap before GC invocations=24 (full 3):
 PSYoungGen      total 270848K, used 264192K [0x00000000e0000000, 0x00000000f6a80000, 0x0000000100000000)
  eden space 196608K, 100% used [0x00000000e0000000,0x00000000ec000000,0x00000000ec000000)
  from space 74240K, 91% used [0x00000000f1280000,0x00000000f54800d8,0x00000000f5b00000)
  to   space 84480K, 0% used [0x00000000ec000000,0x00000000ec000000,0x00000000f1280000)
 ParOldGen       total 160768K, used 117891K [0x00000000a0000000, 0x00000000a9d00000, 0x00000000e0000000)
  object space 160768K, 73% used [0x00000000a0000000,0x00000000a7320f30,0x00000000a9d00000)
 Metaspace       used 79788K, capacity 83168K, committed 83248K, reserved 1122304K
  class space    used 10522K, capacity 11270K, committed 11312K, reserved 1048576K
Event: 99.413 GC heap after
Heap after GC invocations=24 (full 3):
 PSYoungGen      total 281088K, used 65804K [0x00000000e0000000, 0x00000000f9700000, 0x0000000100000000)
  eden space 196608K, 0% used [0x00000000e0000000,0x00000000e0000000,0x00000000ec000000)
  from space 84480K, 77% used [0x00000000ec000000,0x00000000f0043270,0x00000000f1280000)
  to   space 91648K, 0% used [0x00000000f3d80000,0x00000000f3d80000,0x00000000f9700000)
 ParOldGen       total 160768K, used 137660K [0x00000000a0000000, 0x00000000a9d00000, 0x00000000e0000000)
  object space 160768K, 85% used [0x00000000a0000000,0x00000000a866f108,0x00000000a9d00000)
 Metaspace       used 79788K, capacity 83168K, committed 83248K, reserved 1122304K
  class space    used 10522K, capacity 11270K, committed 11312K, reserved 1048576K
}
Event: 99.413 GC heap before
{Heap before GC invocations=25 (full 4):
 PSYoungGen      total 281088K, used 65804K [0x00000000e0000000, 0x00000000f9700000, 0x0000000100000000)
  eden space 196608K, 0% used [0x00000000e0000000,0x00000000e0000000,0x00000000ec000000)
  from space 84480K, 77% used [0x00000000ec000000,0x00000000f0043270,0x00000000f1280000)
  to   space 91648K, 0% used [0x00000000f3d80000,0x00000000f3d80000,0x00000000f9700000)
 ParOldGen       total 160768K, used 137660K [0x00000000a0000000, 0x00000000a9d00000, 0x00000000e0000000)
  object space 160768K, 85% used [0x00000000a0000000,0x00000000a866f108,0x00000000a9d00000)
 Metaspace       used 79788K, capacity 83168K, committed 83248K, reserved 1122304K
  class space    used 10522K, capacity 11270K, committed 11312K, reserved 1048576K
Event: 99.936 GC heap after
Heap after GC invocations=25 (full 4):
 PSYoungGen      total 281088K, used 25446K [0x00000000e0000000, 0x00000000f9700000, 0x0000000100000000)
  eden space 196608K, 0% used [0x00000000e0000000,0x00000000e0000000,0x00000000ec000000)
  from space 84480K, 30% used [0x00000000ec000000,0x00000000ed8d98f0,0x00000000f1280000)
  to   space 91648K, 0% used [0x00000000f3d80000,0x00000000f3d80000,0x00000000f9700000)
 ParOldGen       total 330752K, used 160753K [0x00000000a0000000, 0x00000000b4300000, 0x00000000e0000000)
  object space 330752K, 48% used [0x00000000a0000000,0x00000000a9cfc4f0,0x00000000b4300000)
 Metaspace       used 79788K, capacity 83168K, committed 83248K, reserved 1122304K
  class space    used 10522K, capacity 11270K, committed 11312K, reserved 1048576K
}
Event: 100.782 GC heap before
{Heap before GC invocations=26 (full 4):
 PSYoungGen      total 281088K, used 222054K [0x00000000e0000000, 0x00000000f9700000, 0x0000000100000000)
  eden space 196608K, 100% used [0x00000000e0000000,0x00000000ec000000,0x00000000ec000000)
  from space 84480K, 30% used [0x00000000ec000000,0x00000000ed8d98f0,0x00000000f1280000)
  to   space 91648K, 0% used [0x00000000f3d80000,0x00000000f3d80000,0x00000000f9700000)
 ParOldGen       total 330752K, used 160753K [0x00000000a0000000, 0x00000000b4300000, 0x00000000e0000000)
  object space 330752K, 48% used [0x00000000a0000000,0x00000000a9cfc4f0,0x00000000b4300000)
 Metaspace       used 81106K, capacity 84474K, committed 84656K, reserved 1122304K
  class space    used 10667K, capacity 11415K, committed 11440K, reserved 1048576K
Event: 100.831 GC heap after
Heap after GC invocations=26 (full 4):
 PSYoungGen      total 320000K, used 64815K [0x00000000e0000000, 0x00000000fa700000, 0x0000000100000000)
  eden space 228352K, 0% used [0x00000000e0000000,0x00000000e0000000,0x00000000edf00000)
  from space 91648K, 70% used [0x00000000f3d80000,0x00000000f7ccbc18,0x00000000f9700000)
  to   space 96768K, 0% used [0x00000000edf00000,0x00000000edf00000,0x00000000f3d80000)
 ParOldGen       total 330752K, used 160761K [0x00000000a0000000, 0x00000000b4300000, 0x00000000e0000000)
  object space 330752K, 48% used [0x00000000a0000000,0x00000000a9cfe4f0,0x00000000b4300000)
 Metaspace       used 81106K, capacity 84474K, committed 84656K, reserved 1122304K
  class space    used 10667K, capacity 11415K, committed 11440K, reserved 1048576K
}
Event: 101.825 GC heap before
{Heap before GC invocations=27 (full 4):
 PSYoungGen      total 320000K, used 293167K [0x00000000e0000000, 0x00000000fa700000, 0x0000000100000000)
  eden space 228352K, 100% used [0x00000000e0000000,0x00000000edf00000,0x00000000edf00000)
  from space 91648K, 70% used [0x00000000f3d80000,0x00000000f7ccbc18,0x00000000f9700000)
  to   space 96768K, 0% used [0x00000000edf00000,0x00000000edf00000,0x00000000f3d80000)
 ParOldGen       total 330752K, used 160761K [0x00000000a0000000, 0x00000000b4300000, 0x00000000e0000000)
  object space 330752K, 48% used [0x00000000a0000000,0x00000000a9cfe4f0,0x00000000b4300000)
 Metaspace       used 84645K, capacity 88016K, committed 88240K, reserved 1126400K
  class space    used 11137K, capacity 11878K, committed 11952K, reserved 1048576K
Event: 101.866 GC heap after
Heap after GC invocations=27 (full 4):
 PSYoungGen      total 325120K, used 80853K [0x00000000e0000000, 0x00000000fe200000, 0x0000000100000000)
  eden space 228352K, 0% used [0x00000000e0000000,0x00000000e0000000,0x00000000edf00000)
  from space 96768K, 83% used [0x00000000edf00000,0x00000000f2df56c0,0x00000000f3d80000)
  to   space 106496K, 0% used [0x00000000f7a00000,0x00000000f7a00000,0x00000000fe200000)
 ParOldGen       total 330752K, used 167661K [0x00000000a0000000, 0x00000000b4300000, 0x00000000e0000000)
  object space 330752K, 50% used [0x00000000a0000000,0x00000000aa3bb730,0x00000000b4300000)
 Metaspace       used 84645K, capacity 88016K, committed 88240K, reserved 1126400K
  class space    used 11137K, capacity 11878K, committed 11952K, reserved 1048576K
}

Deoptimization events (10 events):
Event: 104.779 Thread 0x000000001c095000 Uncommon trap: reason=unstable_if action=reinterpret pc=0x0000000006172744 method=com.sun.tools.javac.comp.Check$Validator.validateTree(Lcom/sun/tools/javac/tree/JCTree;ZZ)V @ 26
Event: 104.781 Thread 0x000000001c095000 Uncommon trap: reason=unstable_if action=reinterpret pc=0x00000000060f4c54 method=com.sun.tools.javac.comp.Flow$AliveAnalyzer.scanDef(Lcom/sun/tools/javac/tree/JCTree;)V @ 16
Event: 104.782 Thread 0x000000001c095000 Uncommon trap: reason=unstable_if action=reinterpret pc=0x0000000006125fe0 method=com.sun.tools.javac.comp.Lower$1.visitVarDef(Lcom/sun/tools/javac/tree/JCTree$JCVariableDecl;)V @ 11
Event: 104.782 Thread 0x000000001c095000 Uncommon trap: reason=unstable_if action=reinterpret pc=0x00000000060deec8 method=com.sun.tools.javac.jvm.Gen.checkDimension(Lcom/sun/tools/javac/util/JCDiagnostic$DiagnosticPosition;Lcom/sun/tools/javac/code/Type;)V @ 54
Event: 104.850 Thread 0x000000001c095000 Uncommon trap: reason=unstable_if action=reinterpret pc=0x00000000046c874c method=com.google.common.collect.MapMakerInternalMap$Segment.drainKeyReferenceQueue()V @ 11
Event: 104.855 Thread 0x000000001c095000 Uncommon trap: reason=unstable_if action=reinterpret pc=0x00000000046a8840 method=com.google.common.collect.MapMakerInternalMap$Segment.drainKeyReferenceQueue()V @ 11
Event: 104.965 Thread 0x000000001c095000 Uncommon trap: reason=null_check action=make_not_entrant pc=0x000000000481ee04 method=org.gradle.api.internal.changedetection.state.CachingFileHasher.snapshot(Ljava/io/File;JJ)Lorg/gradle/api/internal/changedetection/state/CachingFileHasher$FileInfo; @ 31
Event: 104.967 Thread 0x000000001c095000 Uncommon trap: reason=null_check action=make_not_entrant pc=0x00000000042f796c method=org.gradle.api.internal.changedetection.state.CachingFileHasher.snapshot(Ljava/io/File;JJ)Lorg/gradle/api/internal/changedetection/state/CachingFileHasher$FileInfo; @ 31
Event: 105.197 Thread 0x000000001c095000 Uncommon trap: reason=class_check action=maybe_recompile pc=0x0000000004455790 method=com.google.common.collect.ImmutableList.copyOf(Ljava/util/Collection;)Lcom/google/common/collect/ImmutableList; @ 35
Event: 105.198 Thread 0x000000001c095000 Uncommon trap: reason=class_check action=maybe_recompile pc=0x0000000004455790 method=com.google.common.collect.ImmutableList.copyOf(Ljava/util/Collection;)Lcom/google/common/collect/ImmutableList; @ 35

Internal exceptions (10 events):
Event: 98.846 Thread 0x000000001c095000 Implicit null exception at 0x000000000509663f to 0x000000000509699d
Event: 100.580 Thread 0x000000001c095000 Exception <a 'java/lang/NoSuchMethodError': <clinit>> (0x00000000e8d43bb0) thrown at [C:\re\workspace\8-2-build-windows-amd64-cygwin\jdk8u144\9417\hotspot\src\share\vm\prims\jni.cpp, line 1613]
Event: 100.673 Thread 0x000000001c095000 Implicit null exception at 0x0000000004d38dfd to 0x0000000004d39bfe
Event: 100.736 Thread 0x000000001c095000 Implicit null exception at 0x0000000003cc73d8 to 0x0000000003cc7549
Event: 100.736 Thread 0x000000001c095000 Implicit null exception at 0x00000000049f4f99 to 0x00000000049f5095
Event: 100.858 Thread 0x000000001c095000 Exception <a 'java/lang/ClassNotFoundException': com/sun/org/glassfish/hk2/osgiresourcelocator/ServiceLoader> (0x00000000e077f628) thrown at [C:\re\workspace\8-2-build-windows-amd64-cygwin\jdk8u144\9417\hotspot\src\share\vm\classfile\systemDictionary.cpp,
Event: 104.415 Thread 0x000000001c095000 Implicit null exception at 0x00000000060c5891 to 0x00000000060c59a1
Event: 104.415 Thread 0x000000001c095000 Implicit null exception at 0x00000000060a5be5 to 0x00000000060a5f84
Event: 104.965 Thread 0x000000001c095000 Implicit null exception at 0x000000000481e0a0 to 0x000000000481eda5
Event: 104.967 Thread 0x000000001c095000 Implicit null exception at 0x00000000042f7604 to 0x00000000042f7949

Events (10 events):
Event: 105.212 loading class com/android/apkzlib/utils/CachedFileContents
Event: 105.212 loading class com/android/apkzlib/utils/CachedFileContents done
Event: 105.215 Thread 0x0000000023227800 DEOPT PACKING pc=0x0000000003ea030d sp=0x000000002cf8e790
Event: 105.215 Thread 0x0000000023227800 DEOPT UNPACKING pc=0x000000000302747f sp=0x000000002cf8e4a8 mode 0
Event: 105.216 loading class com/android/build/gradle/internal/tasks/KnownFilesSaveData$InputSet
Event: 105.216 loading class com/android/build/gradle/internal/tasks/KnownFilesSaveData$InputSet done
Event: 105.217 loading class com/android/builder/files/RelativeFile
Event: 105.217 loading class com/android/builder/files/RelativeFile done
Event: 105.230 loading class com/google/common/hash/Hashing$Crc32Holder
Event: 105.230 loading class com/google/common/hash/Hashing$Crc32Holder done


Dynamic libraries:
0x00007ff756520000 - 0x00007ff756557000 	C:\Program Files\Java\jdk1.8.0_144\bin\java.exe
0x00007ffbd00d0000 - 0x00007ffbd02b1000 	C:\WINDOWS\SYSTEM32\ntdll.dll
0x00007ffbcffe0000 - 0x00007ffbd0092000 	C:\WINDOWS\System32\KERNEL32.DLL
0x00007ffbcd2e0000 - 0x00007ffbcd553000 	C:\WINDOWS\System32\KERNELBASE.dll
0x00007ffbcfcc0000 - 0x00007ffbcfd61000 	C:\WINDOWS\System32\ADVAPI32.dll
0x00007ffbcd840000 - 0x00007ffbcd8de000 	C:\WINDOWS\System32\msvcrt.dll
0x00007ffbcfd70000 - 0x00007ffbcfdcb000 	C:\WINDOWS\System32\sechost.dll
0x00007ffbcfe90000 - 0x00007ffbcffb4000 	C:\WINDOWS\System32\RPCRT4.dll
0x00007ffbcd6b0000 - 0x00007ffbcd840000 	C:\WINDOWS\System32\USER32.dll
0x00007ffbcc680000 - 0x00007ffbcc6a0000 	C:\WINDOWS\System32\win32u.dll
0x00007ffbcd9a0000 - 0x00007ffbcd9c8000 	C:\WINDOWS\System32\GDI32.dll
0x00007ffbcc6a0000 - 0x00007ffbcc832000 	C:\WINDOWS\System32\gdi32full.dll
0x00007ffbcd050000 - 0x00007ffbcd0ef000 	C:\WINDOWS\System32\msvcp_win.dll
0x00007ffbccf50000 - 0x00007ffbcd04a000 	C:\WINDOWS\System32\ucrtbase.dll
0x00007ffbc5b30000 - 0x00007ffbc5d99000 	C:\WINDOWS\WinSxS\amd64_microsoft.windows.common-controls_6595b64144ccf1df_6.0.17134.165_none_fb429645306569ac\COMCTL32.dll
0x00007ffbcf770000 - 0x00007ffbcfa93000 	C:\WINDOWS\System32\combase.dll
0x00007ffbcc550000 - 0x00007ffbcc5ca000 	C:\WINDOWS\System32\bcryptPrimitives.dll
0x00007ffbcda50000 - 0x00007ffbcda7d000 	C:\WINDOWS\System32\IMM32.DLL
0x000000005afd0000 - 0x000000005b0a2000 	C:\Program Files\Java\jdk1.8.0_144\jre\bin\msvcr100.dll
0x000000005a730000 - 0x000000005afcd000 	C:\Program Files\Java\jdk1.8.0_144\jre\bin\server\jvm.dll
0x00007ffbcf5f0000 - 0x00007ffbcf5f8000 	C:\WINDOWS\System32\PSAPI.DLL
0x00007ffbc8fc0000 - 0x00007ffbc8fe3000 	C:\WINDOWS\SYSTEM32\WINMM.dll
0x00007ffbcaa50000 - 0x00007ffbcaa5a000 	C:\WINDOWS\SYSTEM32\VERSION.dll
0x00007ffbbcc20000 - 0x00007ffbbcc29000 	C:\WINDOWS\SYSTEM32\WSOCK32.dll
0x00007ffbcfc50000 - 0x00007ffbcfcbc000 	C:\WINDOWS\System32\WS2_32.dll
0x00007ffbc8b60000 - 0x00007ffbc8b8a000 	C:\WINDOWS\SYSTEM32\winmmbase.dll
0x00007ffbcc500000 - 0x00007ffbcc549000 	C:\WINDOWS\System32\cfgmgr32.dll
0x000000005a720000 - 0x000000005a72f000 	C:\Program Files\Java\jdk1.8.0_144\jre\bin\verify.dll
0x000000005a6f0000 - 0x000000005a719000 	C:\Program Files\Java\jdk1.8.0_144\jre\bin\java.dll
0x000000005a6d0000 - 0x000000005a6e6000 	C:\Program Files\Java\jdk1.8.0_144\jre\bin\zip.dll
0x00007ffbce030000 - 0x00007ffbcf470000 	C:\WINDOWS\System32\SHELL32.dll
0x00007ffbcfdd0000 - 0x00007ffbcfe79000 	C:\WINDOWS\System32\shcore.dll
0x00007ffbcc840000 - 0x00007ffbccf4d000 	C:\WINDOWS\System32\windows.storage.dll
0x00007ffbcd650000 - 0x00007ffbcd6a1000 	C:\WINDOWS\System32\shlwapi.dll
0x00007ffbcc460000 - 0x00007ffbcc471000 	C:\WINDOWS\System32\kernel.appcore.dll
0x00007ffbcc440000 - 0x00007ffbcc45f000 	C:\WINDOWS\System32\profapi.dll
0x00007ffbcc3f0000 - 0x00007ffbcc43c000 	C:\WINDOWS\System32\powrprof.dll
0x00007ffbcc3e0000 - 0x00007ffbcc3ea000 	C:\WINDOWS\System32\FLTLIB.DLL
0x000000005a6b0000 - 0x000000005a6ca000 	C:\Program Files\Java\jdk1.8.0_144\jre\bin\net.dll
0x00007ffbcbc60000 - 0x00007ffbcbcc6000 	C:\WINDOWS\system32\mswsock.dll
0x000000005a690000 - 0x000000005a6a1000 	C:\Program Files\Java\jdk1.8.0_144\jre\bin\nio.dll
0x00007ffbc2de0000 - 0x00007ffbc2dfe000 	C:\Users\silve\.gradle\native\25\windows-amd64\native-platform.dll
0x000000005a680000 - 0x000000005a68d000 	C:\Program Files\Java\jdk1.8.0_144\jre\bin\management.dll
0x00007ffbcbe10000 - 0x00007ffbcbe27000 	C:\WINDOWS\SYSTEM32\CRYPTSP.dll
0x00007ffbcb840000 - 0x00007ffbcb873000 	C:\WINDOWS\system32\rsaenh.dll
0x00007ffbcbf40000 - 0x00007ffbcbf65000 	C:\WINDOWS\SYSTEM32\bcrypt.dll
0x00007ffbcc310000 - 0x00007ffbcc338000 	C:\WINDOWS\SYSTEM32\USERENV.dll
0x00007ffbcbe30000 - 0x00007ffbcbe3b000 	C:\WINDOWS\SYSTEM32\CRYPTBASE.dll
0x00007ffbcb9e0000 - 0x00007ffbcba18000 	C:\WINDOWS\SYSTEM32\IPHLPAPI.DLL
0x00007ffbcfe80000 - 0x00007ffbcfe88000 	C:\WINDOWS\System32\NSI.dll
0x00007ffbc6000000 - 0x00007ffbc6016000 	C:\WINDOWS\SYSTEM32\dhcpcsvc6.DLL
0x00007ffbc5fa0000 - 0x00007ffbc5fba000 	C:\WINDOWS\SYSTEM32\dhcpcsvc.DLL
0x00007ffbbb920000 - 0x00007ffbbbae9000 	C:\WINDOWS\SYSTEM32\dbghelp.dll

VM Arguments:
jvm_args: -Xmx1536m -Dfile.encoding=x-windows-949 -Duser.country=KR -Duser.language=ko -Duser.variant 
java_command: org.gradle.launcher.daemon.bootstrap.GradleDaemon 4.1
java_class_path (initial): C:\Users\silve\.gradle\wrapper\dists\gradle-4.1-all\bzyivzo6n839fup2jbap0tjew\gradle-4.1\lib\gradle-launcher-4.1.jar
Launcher Type: SUN_STANDARD

Environment Variables:
JAVA_HOME=C:\Program Files\Java\jdk1.8.0_144
PATH=C:\Program Files (x86)\PC Connectivity Solution\;C:\ProgramData\Oracle\Java\javapath;C:\WINDOWS\system32;C:\WINDOWS;C:\WINDOWS\System32\Wbem;C:\WINDOWS\System32\WindowsPowerShell\v1.0\;C:\Program Files\MySQL\MySQL Utilities 1.6\;C:\Program Files\Java\jdk1.8.0_144bin;C:\Program Files\Git\cmd;C:\WINDOWS\System32\OpenSSH\;C:\Program Files\PuTTY\;C:\Program Files\Bandizip\;%USERPROFILE%\AppData\Local\Microsoft\WindowsApps;
USERNAME=silve
OS=Windows_NT
PROCESSOR_IDENTIFIER=AMD64 Family 23 Model 1 Stepping 1, AuthenticAMD



---------------  S Y S T E M  ---------------

OS: Windows 10.0 , 64 bit Build 17134 (10.0.17134.1)

CPU:total 12 (initial active 12) (12 cores per cpu, 1 threads per core) family 23 model 1 stepping 1, cmov, cx8, fxsr, mmx, sse, sse2, sse3, ssse3, sse4.1, sse4.2, popcnt, avx, avx2, aes, clmul, mmxext, 3dnowpref, lzcnt, sse4a, tsc, tscinvbit, tscinv, bmi1

Memory: 4k page, physical 8338704k(2620200k free), swap 20921616k(8868588k free)

vm_info: Java HotSpot(TM) 64-Bit Server VM (25.144-b01) for windows-amd64 JRE (1.8.0_144-b01), built on Jul 21 2017 21:57:33 by "java_re" with MS VC++ 10.0 (VS2010)

time: Thu Aug 09 19:43:48 2018
elapsed time: 105 seconds (0d 0h 1m 45s)

